DEBUG: Click on MainWindowClassWindow, is_web=False
DEBUG: Click on QMenuBar, is_web=False
DEBUG: Click on QMenuClassWindow, is_web=False
DEBUG: Click on QMenu, is_web=False
DEBUG: Click on QMenuClassWindow, is_web=False
DEBUG: Click on QMenu, is_web=False
DEBUG: Click on QMenuClassWindow, is_web=False
DEBUG: Click on QMenu, is_web=False
DEBUG: Click on QWebEngineViewClassWindow, is_web=True
DEBUG: Click on QWidget, is_web=False
DEBUG: Click on QWebEngineViewClassWindow, is_web=True
DEBUG: Click on QWidget, is_web=False
DEBUG: Click on QWebEngineViewClassWindow, is_web=True
DEBUG: Click on QWidget, is_web=False
DEBUG: Click on QWebEngineViewClassWindow, is_web=True
DEBUG: Click on QWidget, is_web=False
DEBUG: Click on QWebEngineViewClassWindow, is_web=True
DEBUG: Click on QWidget, is_web=False
DEBUG: Click on QWebEngineViewClassWindow, is_web=True
DEBUG: Click on QWidget, is_web=False
DEBUG: Click on QWebEngineViewClassWindow, is_web=True
DEBUG: Click on QWidget, is_web=False
DEBUG: Click on QWebEngineViewClassWindow, is_web=True
DEBUG: Click on QWidget, is_web=False
DEBUG: Click on QWebEngineViewClassWindow, is_web=True
DEBUG: Click on QWidget, is_web=False
DEBUG: Click on QWebEngineViewClassWindow, is_web=True
DEBUG: Click on QWidget, is_web=False
DEBUG: Click on MainWindowClassWindow, is_web=False
DEBUG: Click on QWidget, is_web=True
DEBUG: Click on MainWindowClassWindow, is_web=False
DEBUG: Click on QWidget, is_web=True
DEBUG: Click on MainWindowClassWindow, is_web=False
DEBUG: Click on QWidget, is_web=True
DEBUG: Click on MainWindowClassWindow, is_web=False
DEBUG: Click on QWidget, is_web=True
DEBUG: Click on MainWindowClassWindow, is_web=False
DEBUG: Click on QWidget, is_web=True
DEBUG: Click on MainWindowClassWindow, is_web=False
DEBUG: Click on QWidget, is_web=True
DEBUG: Click on MainWindowClassWindow, is_web=False
DEBUG: Click on QWidget, is_web=True
DEBUG: Click on MainWindowClassWindow, is_web=False
DEBUG: Click on QWidget, is_web=True
DEBUG: Click on MainWindowClassWindow, is_web=False
DEBUG: Click on QWidget, is_web=True
DEBUG: Click on MainWindowClassWindow, is_web=False
DEBUG: Click on QWidget, is_web=True
DEBUG: Click on QWebEngineViewClassWindow, is_web=True
DEBUG: Click on QWidget, is_web=False
DEBUG: Click on QWebEngineViewClassWindow, is_web=True
DEBUG: Click on QWidget, is_web=False
DEBUG: Click on MainWindowClassWindow, is_web=False
DEBUG: Click on QWidget, is_web=True
DEBUG: Click on MainWindowClassWindow, is_web=False
DEBUG: Click on QWidget, is_web=True
DEBUG: Click on QWebEngineViewClassWindow, is_web=True
DEBUG: Click on QWidget, is_web=False
DEBUG: Click on QWebEngineViewClassWindow, is_web=True
DEBUG: Click on QWidget, is_web=False
DEBUG: Click on MainWindowClassWindow, is_web=False
DEBUG: Click on QWidget, is_web=True
DEBUG: Click on MainWindowClassWindow, is_web=False
DEBUG: Click on QWidget, is_web=True
DEBUG: Click on MainWindowClassWindow, is_web=False
DEBUG: Click on qt_scrollarea_viewport, is_web=False
DEBUG: Click on MainWindowClassWindow, is_web=False
DEBUG: Click on qt_scrollarea_viewport, is_web=False
DEBUG: Click on MainWindowClassWindow, is_web=False
DEBUG: Click on QWidget, is_web=True
DEBUG: Click on MainWindowClassWindow, is_web=False
DEBUG: Click on QWidget, is_web=True
DEBUG: Click on MainWindowClassWindow, is_web=False
DEBUG: Click on QWidget, is_web=True
DEBUG: Click on MainWindowClassWindow, is_web=False
DEBUG: Click on QWidget, is_web=True
DEBUG: Click on MainWindowClassWindow, is_web=False
DEBUG: Click on QWidget, is_web=True
DEBUG: Click on MainWindowClassWindow, is_web=False
DEBUG: Click on QWidget, is_web=True
DEBUG: Click on MainWindowClassWindow, is_web=False
DEBUG: Click on QWidget, is_web=True
DEBUG: Click on MainWindowClassWindow, is_web=False
DEBUG: Click on QWidget, is_web=True
DEBUG: Click on MainWindowClassWindow, is_web=False
DEBUG: Click on QWidget, is_web=True
DEBUG: Click on MainWindowClassWindow, is_web=False
DEBUG: Click on QWidget, is_web=True
DEBUG: Click on MainWindowClassWindow, is_web=False
DEBUG: Click on QWidget, is_web=True
DEBUG: Click on MainWindowClassWindow, is_web=False
DEBUG: Click on QWidget, is_web=True
DEBUG: Click on MainWindowClassWindow, is_web=False
DEBUG: Click on MainWindowClassWindow, is_web=False
DEBUG: Click on QWidget, is_web=True
DEBUG: Click on MainWindowClassWindow, is_web=False
DEBUG: Click on QWidget, is_web=True
DEBUG: Click on MainWindowClassWindow, is_web=False
DEBUG: Click on QWidget, is_web=True
DEBUG: Click on MainWindowClassWindow, is_web=False
DEBUG: Click on QWidget, is_web=True
DEBUG: Click on MainWindowClassWindow, is_web=False
DEBUG: Click on QWidget, is_web=True
DEBUG: Click on MainWindowClassWindow, is_web=False
DEBUG: Click on QWidget, is_web=True
DEBUG: Click on MainWindowClassWindow, is_web=False
DEBUG: Click on QWidget, is_web=True
DEBUG: Click on MainWindowClassWindow, is_web=False
DEBUG: Click on QWidget, is_web=True
DEBUG: Click on MainWindowClassWindow, is_web=False
DEBUG: Click on QWidget, is_web=True
DEBUG: Click on MainWindowClassWindow, is_web=False
DEBUG: Click on QWidget, is_web=True
DEBUG: Click on MainWindowClassWindow, is_web=False
DEBUG: Click on qt_scrollarea_viewport, is_web=False
DEBUG: Click on MainWindowClassWindow, is_web=False
DEBUG: Click on qt_scrollarea_viewport, is_web=False
DEBUG: Click on MainWindowClassWindow, is_web=False
DEBUG: Click on QMenuBar, is_web=False
DEBUG: Click on QMenuClassWindow, is_web=False
DEBUG: Click on QMenu, is_web=False
DEBUG: Click on QMenuClassWindow, is_web=False
DEBUG: Click on QMenu, is_web=False
DEBUG: Click on QMenuClassWindow, is_web=False
DEBUG: Click on QMenu, is_web=False
DEBUG: Click on QWebEngineViewClassWindow, is_web=True
DEBUG: Click on QWidget, is_web=False
DEBUG: Click on QWebEngineViewClassWindow, is_web=True
DEBUG: Click on QWidget, is_web=False
DEBUG: Click on MainWindowClassWindow, is_web=False
DEBUG: Click on QWidget, is_web=True
DEBUG: Click on MainWindowClassWindow, is_web=False
DEBUG: Click on QWidget, is_web=True
DEBUG: Click on MainWindowClassWindow, is_web=False
DEBUG: Click on QWidget, is_web=True
DEBUG: Click on MainWindowClassWindow, is_web=False
DEBUG: Click on QWidget, is_web=True
DEBUG: Click on MainWindowClassWindow, is_web=False
DEBUG: Click on QWidget, is_web=True
DEBUG: Click on MainWindowClassWindow, is_web=False
DEBUG: Click on QWidget, is_web=True
DEBUG: Click on MainWindowClassWindow, is_web=False
DEBUG: Click on QWidget, is_web=True
DEBUG: Click on MainWindowClassWindow, is_web=False
DEBUG: Click on QWidget, is_web=True
DEBUG: Click on MainWindowClassWindow, is_web=False
DEBUG: Click on QWidget, is_web=True
DEBUG: Click on MainWindowClassWindow, is_web=False
DEBUG: Click on QWidget, is_web=True
DEBUG: Click on QWebEngineViewClassWindow, is_web=True
DEBUG: Click on QWidget, is_web=False
DEBUG: Click on QWebEngineViewClassWindow, is_web=True
DEBUG: Click on QWidget, is_web=False
DEBUG: Click on QWebEngineViewClassWindow, is_web=True
DEBUG: Click on QWidget, is_web=False
DEBUG: Click on QWebEngineViewClassWindow, is_web=True
DEBUG: Click on QWidget, is_web=False
DEBUG: Click on QWebEngineViewClassWindow, is_web=True
DEBUG: Click on QWidget, is_web=False
DEBUG: Click on QWebEngineViewClassWindow, is_web=True
DEBUG: Click on QWidget, is_web=False
DEBUG: Click on QWebEngineViewClassWindow, is_web=True
DEBUG: Click on QWidget, is_web=False
DEBUG: Click on QWebEngineViewClassWindow, is_web=True
DEBUG: Click on QWidget, is_web=False
DEBUG: Click on QWebEngineViewClassWindow, is_web=True
DEBUG: Click on QWidget, is_web=False
DEBUG: Click on QWebEngineViewClassWindow, is_web=True
DEBUG: Click on QWidget, is_web=False
DEBUG: Click on MainWindowClassWindow, is_web=False
